  main.cpp
C:\Users\manue\source\repos\Proyecto-PV\Iluminacion\Texture.h(62,28): warning C4101: 'nrChannels': unreferenced local variable
C:\Users\manue\source\repos\Proyecto-PV\Iluminacion\main.cpp(207,33): warning C4244: '=': conversion from 'double' to 'T', possible loss of data
          with
          [
              T=float
          ]
C:\Users\manue\source\repos\Proyecto-PV\Iluminacion\main.cpp(212,33): warning C4244: '=': conversion from 'double' to 'T', possible loss of data
          with
          [
              T=float
          ]
C:\Users\manue\source\repos\Proyecto-PV\Iluminacion\main.cpp(217,33): warning C4244: '=': conversion from 'double' to 'T', possible loss of data
          with
          [
              T=float
          ]
C:\Users\manue\source\repos\Proyecto-PV\Iluminacion\main.cpp(222,33): warning C4244: '=': conversion from 'double' to 'T', possible loss of data
          with
          [
              T=float
          ]
C:\Users\manue\source\repos\Proyecto-PV\Iluminacion\main.cpp(240,33): warning C4244: '=': conversion from 'double' to 'T', possible loss of data
          with
          [
              T=float
          ]
C:\Users\manue\source\repos\Proyecto-PV\Iluminacion\main.cpp(253,13): warning C4244: 'initializing': conversion from 'double' to 'float', possible loss of data
C:\Users\manue\source\repos\Proyecto-PV\Iluminacion\main.cpp(254,13): warning C4244: 'initializing': conversion from 'double' to 'float', possible loss of data
C:\Users\manue\source\repos\Proyecto-PV\Iluminacion\main.cpp(274,28): warning C4244: 'argument': conversion from 'double' to 'float', possible loss of data
C:\Users\manue\source\repos\Proyecto-PV\Iluminacion\main.cpp(280,20): warning C4244: 'initializing': conversion from 'double' to 'float', possible loss of data
  Iluminacion.vcxproj -> C:\Users\manue\Source\Repos\Proyecto-PV\x64\Debug\Iluminacion.exe
